<?xml version="1.0" encoding="UTF-8"?>
<!-- Generated by org.testng.reporters.JUnitXMLReporter -->
<testsuite ignored="0" hostname="Monashris-MBP" failures="0" tests="3" name="FirstRun" time="32.817" errors="0" timestamp="2023-02-20T08:53:34 SGT">
  <testcase classname="assessmentmona.Formauthentication" name="loginfailedincorrectpwd" time="1.601"/>
  <testcase classname="assessmentmona.Formauthentication" name="loginfailedincorrectusername" time="1.664"/>
  <testcase classname="assessmentmona.Formauthentication" name="loginsuccessful" time="3.093"/>
</testsuite> <!-- FirstRun -->
