<?xml version="1.0" encoding="UTF-8"?>
<testng-results ignored="0" total="15" passed="15" failed="0" skipped="0">
  <reporter-output>
  </reporter-output>
  <suite started-at="2023-02-20T09:22:23 SGT" name="AssessmentReport" finished-at="2023-02-20T09:26:36 SGT" duration-ms="252148">
    <groups>
    </groups>
    <test started-at="2023-02-20T09:22:23 SGT" name="First5Run" finished-at="2023-02-20T09:23:18 SGT" duration-ms="54695">
      <class name="assessmentmona.Verifyclick">
        <test-method is-config="true" signature="setUp()[pri:0, instance:assessmentmona.Verifyclick@132e0cc]" started-at="2023-02-20T09:22:31 SGT" name="setUp" finished-at="2023-02-20T09:22:38 SGT" duration-ms="6437" status="PASS">
          <reporter-output>
          </reporter-output>
        </test-method> <!-- setUp -->
        <test-method signature="verifyClick()[pri:0, instance:assessmentmona.Verifyclick@132e0cc]" started-at="2023-02-20T09:22:38 SGT" name="verifyClick" finished-at="2023-02-20T09:22:38 SGT" duration-ms="430" status="PASS">
          <reporter-output>
          </reporter-output>
        </test-method> <!-- verifyClick -->
        <test-method is-config="true" signature="tearDown()[pri:0, instance:assessmentmona.Verifyclick@132e0cc]" started-at="2023-02-20T09:22:38 SGT" name="tearDown" finished-at="2023-02-20T09:22:38 SGT" duration-ms="204" status="PASS">
          <reporter-output>
          </reporter-output>
        </test-method> <!-- tearDown -->
      </class> <!-- assessmentmona.Verifyclick -->
      <class name="assessmentmona.VerifyaddRemoveitems">
        <test-method is-config="true" signature="setUp()[pri:0, instance:assessmentmona.VerifyaddRemoveitems@7b205dbd]" started-at="2023-02-20T09:22:38 SGT" name="setUp" finished-at="2023-02-20T09:22:46 SGT" duration-ms="7404" status="PASS">
          <reporter-output>
          </reporter-output>
        </test-method> <!-- setUp -->
        <test-method signature="verifyaddRemoveitems()[pri:0, instance:assessmentmona.VerifyaddRemoveitems@7b205dbd]" started-at="2023-02-20T09:22:46 SGT" name="verifyaddRemoveitems" finished-at="2023-02-20T09:22:52 SGT" duration-ms="5817" status="PASS">
          <reporter-output>
          </reporter-output>
        </test-method> <!-- verifyaddRemoveitems -->
        <test-method is-config="true" signature="tearDown()[pri:0, instance:assessmentmona.VerifyaddRemoveitems@7b205dbd]" started-at="2023-02-20T09:22:52 SGT" name="tearDown" finished-at="2023-02-20T09:22:52 SGT" duration-ms="168" status="PASS">
          <reporter-output>
          </reporter-output>
        </test-method> <!-- tearDown -->
      </class> <!-- assessmentmona.VerifyaddRemoveitems -->
      <class name="assessmentmona.VerifycheckBox">
        <test-method is-config="true" signature="setUp()[pri:0, instance:assessmentmona.VerifycheckBox@106cc338]" started-at="2023-02-20T09:22:52 SGT" name="setUp" finished-at="2023-02-20T09:22:58 SGT" duration-ms="6248" status="PASS">
          <reporter-output>
          </reporter-output>
        </test-method> <!-- setUp -->
        <test-method signature="verifycheckboxcheck()[pri:0, instance:assessmentmona.VerifycheckBox@106cc338]" started-at="2023-02-20T09:22:58 SGT" name="verifycheckboxcheck" finished-at="2023-02-20T09:22:59 SGT" duration-ms="728" status="PASS">
          <reporter-output>
          </reporter-output>
        </test-method> <!-- verifycheckboxcheck -->
        <test-method is-config="true" signature="tearDown()[pri:0, instance:assessmentmona.VerifycheckBox@106cc338]" started-at="2023-02-20T09:22:59 SGT" name="tearDown" finished-at="2023-02-20T09:22:59 SGT" duration-ms="175" status="PASS">
          <reporter-output>
          </reporter-output>
        </test-method> <!-- tearDown -->
      </class> <!-- assessmentmona.VerifycheckBox -->
      <class name="assessmentmona.Verifybasics">
        <test-method is-config="true" signature="setUp()[pri:0, instance:assessmentmona.Verifybasics@432038ec]" started-at="2023-02-20T09:22:24 SGT" name="setUp" finished-at="2023-02-20T09:22:31 SGT" duration-ms="7547" status="PASS">
          <reporter-output>
          </reporter-output>
        </test-method> <!-- setUp -->
        <test-method signature="verifyBasics()[pri:0, instance:assessmentmona.Verifybasics@432038ec]" started-at="2023-02-20T09:22:31 SGT" name="verifyBasics" finished-at="2023-02-20T09:22:31 SGT" duration-ms="78" status="PASS">
          <reporter-output>
          </reporter-output>
        </test-method> <!-- verifyBasics -->
        <test-method is-config="true" signature="tearDown()[pri:0, instance:assessmentmona.Verifybasics@432038ec]" started-at="2023-02-20T09:22:31 SGT" name="tearDown" finished-at="2023-02-20T09:22:31 SGT" duration-ms="236" status="PASS">
          <reporter-output>
          </reporter-output>
        </test-method> <!-- tearDown -->
      </class> <!-- assessmentmona.Verifybasics -->
      <class name="assessmentmona.Verifykeypresses">
        <test-method is-config="true" signature="setUp()[pri:0, instance:assessmentmona.Verifykeypresses@7a67e3c6]" started-at="2023-02-20T09:22:59 SGT" name="setUp" finished-at="2023-02-20T09:23:05 SGT" duration-ms="6107" status="PASS">
          <reporter-output>
          </reporter-output>
        </test-method> <!-- setUp -->
        <test-method signature="keypresseEnter()[pri:0, instance:assessmentmona.Verifykeypresses@7a67e3c6]" started-at="2023-02-20T09:23:05 SGT" name="keypresseEnter" finished-at="2023-02-20T09:23:09 SGT" duration-ms="3529" status="PASS">
          <reporter-output>
          </reporter-output>
        </test-method> <!-- keypresseEnter -->
        <test-method is-config="true" signature="tearDown()[pri:0, instance:assessmentmona.Verifykeypresses@7a67e3c6]" started-at="2023-02-20T09:23:09 SGT" name="tearDown" finished-at="2023-02-20T09:23:09 SGT" duration-ms="211" status="PASS">
          <reporter-output>
          </reporter-output>
        </test-method> <!-- tearDown -->
        <test-method is-config="true" signature="setUp()[pri:0, instance:assessmentmona.Verifykeypresses@7a67e3c6]" started-at="2023-02-20T09:23:09 SGT" name="setUp" finished-at="2023-02-20T09:23:15 SGT" duration-ms="5676" status="PASS">
          <reporter-output>
          </reporter-output>
        </test-method> <!-- setUp -->
        <test-method signature="keypressespace()[pri:0, instance:assessmentmona.Verifykeypresses@7a67e3c6]" started-at="2023-02-20T09:23:15 SGT" name="keypressespace" finished-at="2023-02-20T09:23:18 SGT" duration-ms="3446" status="PASS">
          <reporter-output>
          </reporter-output>
        </test-method> <!-- keypressespace -->
        <test-method is-config="true" signature="tearDown()[pri:0, instance:assessmentmona.Verifykeypresses@7a67e3c6]" started-at="2023-02-20T09:23:18 SGT" name="tearDown" finished-at="2023-02-20T09:23:18 SGT" duration-ms="170" status="PASS">
          <reporter-output>
          </reporter-output>
        </test-method> <!-- tearDown -->
      </class> <!-- assessmentmona.Verifykeypresses -->
    </test> <!-- First5Run -->
    <test started-at="2023-02-20T09:23:19 SGT" name="Second6Run" finished-at="2023-02-20T09:26:36 SGT" duration-ms="196874">
      <class name="assessmentmona.NestedFrames">
        <test-method is-config="true" signature="setUp()[pri:0, instance:assessmentmona.NestedFrames@77128536]" started-at="2023-02-20T09:24:09 SGT" name="setUp" finished-at="2023-02-20T09:24:15 SGT" duration-ms="5727" status="PASS">
          <reporter-output>
          </reporter-output>
        </test-method> <!-- setUp -->
        <test-method signature="nestedFrames()[pri:0, instance:assessmentmona.NestedFrames@77128536]" started-at="2023-02-20T09:24:15 SGT" name="nestedFrames" finished-at="2023-02-20T09:24:16 SGT" duration-ms="1392" status="PASS">
          <reporter-output>
          </reporter-output>
        </test-method> <!-- nestedFrames -->
        <test-method is-config="true" signature="tearDown()[pri:0, instance:assessmentmona.NestedFrames@77128536]" started-at="2023-02-20T09:24:16 SGT" name="tearDown" finished-at="2023-02-20T09:24:16 SGT" duration-ms="221" status="PASS">
          <reporter-output>
          </reporter-output>
        </test-method> <!-- tearDown -->
      </class> <!-- assessmentmona.NestedFrames -->
      <class name="assessmentmona.MouseHover">
        <test-method is-config="true" signature="setUp()[pri:0, instance:assessmentmona.MouseHover@54e7df6a]" started-at="2023-02-20T09:23:51 SGT" name="setUp" finished-at="2023-02-20T09:23:57 SGT" duration-ms="6371" status="PASS">
          <reporter-output>
          </reporter-output>
        </test-method> <!-- setUp -->
        <test-method signature="mouseHover()[pri:0, instance:assessmentmona.MouseHover@54e7df6a]" started-at="2023-02-20T09:23:57 SGT" name="mouseHover" finished-at="2023-02-20T09:24:01 SGT" duration-ms="4145" status="PASS">
          <reporter-output>
          </reporter-output>
        </test-method> <!-- mouseHover -->
        <test-method is-config="true" signature="tearDown()[pri:0, instance:assessmentmona.MouseHover@54e7df6a]" started-at="2023-02-20T09:24:01 SGT" name="tearDown" finished-at="2023-02-20T09:24:02 SGT" duration-ms="201" status="PASS">
          <reporter-output>
          </reporter-output>
        </test-method> <!-- tearDown -->
      </class> <!-- assessmentmona.MouseHover -->
      <class name="assessmentmona.Formauthentication">
        <test-method is-config="true" signature="setUp()[pri:0, instance:assessmentmona.Formauthentication@6ce86ce1]" started-at="2023-02-20T09:23:26 SGT" name="setUp" finished-at="2023-02-20T09:23:32 SGT" duration-ms="5678" status="PASS">
          <reporter-output>
          </reporter-output>
        </test-method> <!-- setUp -->
        <test-method signature="loginfailedincorrectpwd()[pri:0, instance:assessmentmona.Formauthentication@6ce86ce1]" started-at="2023-02-20T09:23:32 SGT" name="loginfailedincorrectpwd" finished-at="2023-02-20T09:23:34 SGT" duration-ms="1756" status="PASS">
          <reporter-output>
          </reporter-output>
        </test-method> <!-- loginfailedincorrectpwd -->
        <test-method is-config="true" signature="tearDown()[pri:0, instance:assessmentmona.Formauthentication@6ce86ce1]" started-at="2023-02-20T09:23:34 SGT" name="tearDown" finished-at="2023-02-20T09:23:34 SGT" duration-ms="249" status="PASS">
          <reporter-output>
          </reporter-output>
        </test-method> <!-- tearDown -->
        <test-method is-config="true" signature="setUp()[pri:0, instance:assessmentmona.Formauthentication@6ce86ce1]" started-at="2023-02-20T09:23:34 SGT" name="setUp" finished-at="2023-02-20T09:23:40 SGT" duration-ms="6015" status="PASS">
          <reporter-output>
          </reporter-output>
        </test-method> <!-- setUp -->
        <test-method signature="loginfailedincorrectusername()[pri:0, instance:assessmentmona.Formauthentication@6ce86ce1]" started-at="2023-02-20T09:23:40 SGT" name="loginfailedincorrectusername" finished-at="2023-02-20T09:23:42 SGT" duration-ms="2023" status="PASS">
          <reporter-output>
          </reporter-output>
        </test-method> <!-- loginfailedincorrectusername -->
        <test-method is-config="true" signature="tearDown()[pri:0, instance:assessmentmona.Formauthentication@6ce86ce1]" started-at="2023-02-20T09:23:42 SGT" name="tearDown" finished-at="2023-02-20T09:23:42 SGT" duration-ms="189" status="PASS">
          <reporter-output>
          </reporter-output>
        </test-method> <!-- tearDown -->
        <test-method is-config="true" signature="setUp()[pri:0, instance:assessmentmona.Formauthentication@6ce86ce1]" started-at="2023-02-20T09:23:42 SGT" name="setUp" finished-at="2023-02-20T09:23:48 SGT" duration-ms="6125" status="PASS">
          <reporter-output>
          </reporter-output>
        </test-method> <!-- setUp -->
        <test-method signature="loginsuccessful(java.lang.String,java.lang.String)[pri:0, instance:assessmentmona.Formauthentication@6ce86ce1]" started-at="2023-02-20T09:23:48 SGT" name="loginsuccessful" finished-at="2023-02-20T09:23:51 SGT" duration-ms="2544" status="PASS">
          <params>
            <param index="0">
              <value>
                <![CDATA[tomsmith]]>
              </value>
            </param>
            <param index="1">
              <value>
                <![CDATA[SuperSecretPassword!]]>
              </value>
            </param>
          </params>
          <reporter-output>
          </reporter-output>
        </test-method> <!-- loginsuccessful -->
        <test-method is-config="true" signature="tearDown()[pri:0, instance:assessmentmona.Formauthentication@6ce86ce1]" started-at="2023-02-20T09:23:51 SGT" name="tearDown" finished-at="2023-02-20T09:23:51 SGT" duration-ms="220" status="PASS">
          <reporter-output>
          </reporter-output>
        </test-method> <!-- tearDown -->
      </class> <!-- assessmentmona.Formauthentication -->
      <class name="assessmentmona.Verifybasicauth">
        <test-method is-config="true" signature="setUp()[pri:0, instance:assessmentmona.Verifybasicauth@58326051]" started-at="2023-02-20T09:24:16 SGT" name="setUp" finished-at="2023-02-20T09:24:22 SGT" duration-ms="6111" status="PASS">
          <reporter-output>
          </reporter-output>
        </test-method> <!-- setUp -->
        <test-method signature="verifybasicauthfail()[pri:0, instance:assessmentmona.Verifybasicauth@58326051]" started-at="2023-02-20T09:24:22 SGT" name="verifybasicauthfail" finished-at="2023-02-20T09:25:51 SGT" duration-ms="88636" status="PASS">
          <reporter-output>
          </reporter-output>
        </test-method> <!-- verifybasicauthfail -->
        <test-method is-config="true" signature="tearDown()[pri:0, instance:assessmentmona.Verifybasicauth@58326051]" started-at="2023-02-20T09:25:51 SGT" name="tearDown" finished-at="2023-02-20T09:25:51 SGT" duration-ms="216" status="PASS">
          <reporter-output>
          </reporter-output>
        </test-method> <!-- tearDown -->
        <test-method is-config="true" signature="setUp()[pri:0, instance:assessmentmona.Verifybasicauth@58326051]" started-at="2023-02-20T09:25:51 SGT" name="setUp" finished-at="2023-02-20T09:25:57 SGT" duration-ms="5773" status="PASS">
          <reporter-output>
          </reporter-output>
        </test-method> <!-- setUp -->
        <test-method signature="verifybasicauthsuccess()[pri:0, instance:assessmentmona.Verifybasicauth@58326051]" started-at="2023-02-20T09:25:57 SGT" name="verifybasicauthsuccess" finished-at="2023-02-20T09:26:35 SGT" duration-ms="38320" status="PASS">
          <reporter-output>
          </reporter-output>
        </test-method> <!-- verifybasicauthsuccess -->
        <test-method is-config="true" signature="tearDown()[pri:0, instance:assessmentmona.Verifybasicauth@58326051]" started-at="2023-02-20T09:26:35 SGT" name="tearDown" finished-at="2023-02-20T09:26:36 SGT" duration-ms="216" status="PASS">
          <reporter-output>
          </reporter-output>
        </test-method> <!-- tearDown -->
      </class> <!-- assessmentmona.Verifybasicauth -->
      <class name="assessmentmona.Multiplewindows">
        <test-method is-config="true" signature="setUp()[pri:0, instance:assessmentmona.Multiplewindows@3fed2870]" started-at="2023-02-20T09:24:02 SGT" name="setUp" finished-at="2023-02-20T09:24:08 SGT" duration-ms="6221" status="PASS">
          <reporter-output>
          </reporter-output>
        </test-method> <!-- setUp -->
        <test-method signature="multipleWindow()[pri:0, instance:assessmentmona.Multiplewindows@3fed2870]" started-at="2023-02-20T09:24:08 SGT" name="multipleWindow" finished-at="2023-02-20T09:24:09 SGT" duration-ms="890" status="PASS">
          <reporter-output>
          </reporter-output>
        </test-method> <!-- multipleWindow -->
        <test-method is-config="true" signature="tearDown()[pri:0, instance:assessmentmona.Multiplewindows@3fed2870]" started-at="2023-02-20T09:24:09 SGT" name="tearDown" finished-at="2023-02-20T09:24:09 SGT" duration-ms="218" status="PASS">
          <reporter-output>
          </reporter-output>
        </test-method> <!-- tearDown -->
      </class> <!-- assessmentmona.Multiplewindows -->
      <class name="assessmentmona.Dropdown">
        <test-method is-config="true" signature="setUp()[pri:0, instance:assessmentmona.Dropdown@673be18f]" started-at="2023-02-20T09:23:19 SGT" name="setUp" finished-at="2023-02-20T09:23:25 SGT" duration-ms="6578" status="PASS">
          <reporter-output>
          </reporter-output>
        </test-method> <!-- setUp -->
        <test-method signature="dropdown()[pri:0, instance:assessmentmona.Dropdown@673be18f]" started-at="2023-02-20T09:23:25 SGT" name="dropdown" finished-at="2023-02-20T09:23:26 SGT" duration-ms="600" status="PASS">
          <reporter-output>
          </reporter-output>
        </test-method> <!-- dropdown -->
        <test-method is-config="true" signature="tearDown()[pri:0, instance:assessmentmona.Dropdown@673be18f]" started-at="2023-02-20T09:23:26 SGT" name="tearDown" finished-at="2023-02-20T09:23:26 SGT" duration-ms="207" status="PASS">
          <reporter-output>
          </reporter-output>
        </test-method> <!-- tearDown -->
      </class> <!-- assessmentmona.Dropdown -->
    </test> <!-- Second6Run -->
  </suite> <!-- AssessmentReport -->
</testng-results>
