<?xml version="1.0" encoding="UTF-8"?>
<!-- Generated by org.testng.reporters.JUnitXMLReporter -->
<testsuite ignored="0" hostname="Monashris-MBP" failures="0" tests="4" name="FirstRun" time="36.107" errors="0" timestamp="2023-02-19T19:27:49 SGT">
  <testcase classname="assessmentmona.Verifybasics" name="verifyBasics" time="0.052"/>
  <testcase classname="assessmentmona.Verifyclick" name="verifyClick" time="0.472"/>
  <testcase classname="assessmentmona.VerifyaddRemoveitems" name="verifyaddRemoveitems" time="5.763"/>
  <testcase classname="assessmentmona.VerifycheckBox" name="verifycheckboxcheck" time="0.656"/>
</testsuite> <!-- FirstRun -->
