<?xml version="1.0" encoding="UTF-8"?>
<!-- Generated by org.testng.reporters.JUnitXMLReporter -->
<testsuite ignored="0" hostname="Monashris-MBP" failures="0" tests="3" name="second run" time="25.86" errors="0" timestamp="2023-02-20T09:13:58 SGT">
  <testcase classname="assessmentmona.Formauthentication" name="loginfailedincorrectpwd" time="1.707"/>
  <testcase classname="assessmentmona.Formauthentication" name="loginfailedincorrectusername" time="1.871"/>
  <testcase classname="assessmentmona.Formauthentication" name="loginsuccessful" time="2.366"/>
</testsuite> <!-- second run -->
