<?xml version="1.0" encoding="UTF-8"?>
<!-- Generated by org.testng.reporters.JUnitXMLReporter -->
<testsuite ignored="0" hostname="Monashris-MBP" failures="0" tests="6" name="First5Run" time="54.695" errors="0" timestamp="2023-02-20T09:23:18 SGT">
  <testcase classname="assessmentmona.Verifybasics" name="verifyBasics" time="0.078"/>
  <testcase classname="assessmentmona.Verifyclick" name="verifyClick" time="0.43"/>
  <testcase classname="assessmentmona.VerifyaddRemoveitems" name="verifyaddRemoveitems" time="5.817"/>
  <testcase classname="assessmentmona.VerifycheckBox" name="verifycheckboxcheck" time="0.728"/>
  <testcase classname="assessmentmona.Verifykeypresses" name="keypresseEnter" time="3.529"/>
  <testcase classname="assessmentmona.Verifykeypresses" name="keypressespace" time="3.446"/>
</testsuite> <!-- First5Run -->
