<?xml version="1.0" encoding="UTF-8"?>
<!-- Generated by org.testng.reporters.JUnitXMLReporter -->
<testsuite ignored="0" hostname="Monashris-MBP" failures="0" tests="9" name="Second6Run" time="196.874" errors="0" timestamp="2023-02-20T09:26:36 SGT">
  <testcase classname="assessmentmona.Dropdown" name="dropdown" time="0.6"/>
  <testcase classname="assessmentmona.Formauthentication" name="loginfailedincorrectpwd" time="1.756"/>
  <testcase classname="assessmentmona.Formauthentication" name="loginfailedincorrectusername" time="2.023"/>
  <testcase classname="assessmentmona.Formauthentication" name="loginsuccessful" time="2.544"/>
  <testcase classname="assessmentmona.MouseHover" name="mouseHover" time="4.145"/>
  <testcase classname="assessmentmona.Multiplewindows" name="multipleWindow" time="0.89"/>
  <testcase classname="assessmentmona.NestedFrames" name="nestedFrames" time="1.392"/>
  <testcase classname="assessmentmona.Verifybasicauth" name="verifybasicauthfail" time="88.636"/>
  <testcase classname="assessmentmona.Verifybasicauth" name="verifybasicauthsuccess" time="38.32"/>
</testsuite> <!-- Second6Run -->
